{"numFailedTestSuites":0,"numFailedTests":0,"numPassedTestSuites":8,"numPassedTests":42,"numPendingTestSuites":0,"numPendingTests":0,"numRuntimeErrorTestSuites":0,"numTodoTests":0,"numTotalTestSuites":8,"numTotalTests":42,"openHandles":[],"snapshot":{"added":0,"didUpdate":false,"failure":false,"filesAdded":0,"filesRemoved":0,"filesRemovedList":[],"filesUnmatched":0,"filesUpdated":0,"matched":5,"total":5,"unchecked":0,"uncheckedKeysByFile":[],"unmatched":0,"updated":0},"startTime":1588243197978,"success":true,"testResults":[{"assertionResults":[{"ancestorTitles":["getOptions"],"failureMessages":[],"fullName":"getOptions has sensible defaults","location":null,"status":"passed","title":"has sensible defaults"},{"ancestorTitles":["getOptions"],"failureMessages":[],"fullName":"getOptions provides a means to override defaults","location":null,"status":"passed","title":"provides a means to override defaults"},{"ancestorTitles":["getOptions"],"failureMessages":[],"fullName":"getOptions adds a trailing slash to contentSrc","location":null,"status":"passed","title":"adds a trailing slash to contentSrc"}],"endTime":1588243201539,"message":"","name":"/Users/seancdavis/code/gatsby-starter-ample/plugins/gatsby-remark-ample/src/get-options.test.js","startTime":1588243200658,"status":"passed","summary":""},{"assertionResults":[{"ancestorTitles":["Component"],"failureMessages":[],"fullName":"Component renders correctly","location":null,"status":"passed","title":"renders correctly"}],"endTime":1588243201706,"message":"","name":"/Users/seancdavis/code/gatsby-starter-ample/src/components/content/test.spec.js","startTime":1588243200723,"status":"passed","summary":""},{"assertionResults":[{"ancestorTitles":["Footer"],"failureMessages":[],"fullName":"Footer renders correctly","location":null,"status":"passed","title":"renders correctly"}],"endTime":1588243201743,"message":"","name":"/Users/seancdavis/code/gatsby-starter-ample/src/layout/footer/test.spec.js","startTime":1588243200705,"status":"passed","summary":""},{"assertionResults":[{"ancestorTitles":["imagePathFromSrc"],"failureMessages":[],"fullName":"imagePathFromSrc digs into an object for the right key path","location":null,"status":"passed","title":"digs into an object for the right key path"},{"ancestorTitles":["imagePathFromSrc"],"failureMessages":[],"fullName":"imagePathFromSrc returns undefined if the object isn't structured properly","location":null,"status":"passed","title":"returns undefined if the object isn't structured properly"},{"ancestorTitles":["imagePathFromSrc"],"failureMessages":[],"fullName":"imagePathFromSrc returns src if src is a string","location":null,"status":"passed","title":"returns src if src is a string"},{"ancestorTitles":["getImageUrl"],"failureMessages":[],"fullName":"getImageUrl prepends the baseUrl to the image for fluid objects","location":null,"status":"passed","title":"prepends the baseUrl to the image for fluid objects"},{"ancestorTitles":["getImageUrl"],"failureMessages":[],"fullName":"getImageUrl accounts for no slashes","location":null,"status":"passed","title":"accounts for no slashes"},{"ancestorTitles":["getImageUrl"],"failureMessages":[],"fullName":"getImageUrl accounts for double slashes","location":null,"status":"passed","title":"accounts for double slashes"},{"ancestorTitles":["getImageUrl"],"failureMessages":[],"fullName":"getImageUrl accounts for a single slash","location":null,"status":"passed","title":"accounts for a single slash"},{"ancestorTitles":["getImageUrl"],"failureMessages":[],"fullName":"getImageUrl returns undefined without a baseUrl","location":null,"status":"passed","title":"returns undefined without a baseUrl"},{"ancestorTitles":["getImageUrl"],"failureMessages":[],"fullName":"getImageUrl returns undefined without a proper image","location":null,"status":"passed","title":"returns undefined without a proper image"},{"ancestorTitles":["normalizeSEO"],"failureMessages":[],"fullName":"normalizeSEO returns an empty object if nothing is passed to it","location":null,"status":"passed","title":"returns an empty object if nothing is passed to it"},{"ancestorTitles":["normalizeSEO"],"failureMessages":[],"fullName":"normalizeSEO returns an empty object unless there's a baseUrl","location":null,"status":"passed","title":"returns an empty object unless there's a baseUrl"},{"ancestorTitles":["normalizeSEO"],"failureMessages":[],"fullName":"normalizeSEO adds location.href as the url prop, adding the origin to it","location":null,"status":"passed","title":"adds location.href as the url prop, adding the origin to it"},{"ancestorTitles":["normalizeSEO"],"failureMessages":[],"fullName":"normalizeSEO returns the baseUrl","location":null,"status":"passed","title":"returns the baseUrl"},{"ancestorTitles":["normalizeSEO"],"failureMessages":[],"fullName":"normalizeSEO adds title to props","location":null,"status":"passed","title":"adds title to props"},{"ancestorTitles":["normalizeSEO"],"failureMessages":[],"fullName":"normalizeSEO overrides the title","location":null,"status":"passed","title":"overrides the title"},{"ancestorTitles":["normalizeSEO"],"failureMessages":[],"fullName":"normalizeSEO removes empty strings","location":null,"status":"passed","title":"removes empty strings"},{"ancestorTitles":["normalizeSEO"],"failureMessages":[],"fullName":"normalizeSEO adds description to props","location":null,"status":"passed","title":"adds description to props"},{"ancestorTitles":["normalizeSEO"],"failureMessages":[],"fullName":"normalizeSEO overrides the description","location":null,"status":"passed","title":"overrides the description"},{"ancestorTitles":["normalizeSEO"],"failureMessages":[],"fullName":"normalizeSEO removes empty strings","location":null,"status":"passed","title":"removes empty strings"},{"ancestorTitles":["normalizeSEO"],"failureMessages":[],"fullName":"normalizeSEO adds imageUrl to props, prepending the baseUrl","location":null,"status":"passed","title":"adds imageUrl to props, prepending the baseUrl"},{"ancestorTitles":["normalizeSEO"],"failureMessages":[],"fullName":"normalizeSEO removes image and image_src from the object","location":null,"status":"passed","title":"removes image and image_src from the object"},{"ancestorTitles":["normalizeSEO"],"failureMessages":[],"fullName":"normalizeSEO overrides the image, still prepending the baseUrl","location":null,"status":"passed","title":"overrides the image, still prepending the baseUrl"},{"ancestorTitles":["normalizeSEO"],"failureMessages":[],"fullName":"normalizeSEO extracts an image URL from a childImageSharp object","location":null,"status":"passed","title":"extracts an image URL from a childImageSharp object"},{"ancestorTitles":["normalizeSEO"],"failureMessages":[],"fullName":"normalizeSEO does not extract images properly when it is an object with the wrong keys","location":null,"status":"passed","title":"does not extract images properly when it is an object with the wrong keys"},{"ancestorTitles":["normalizeSEO"],"failureMessages":[],"fullName":"normalizeSEO does not extract images properly when it is an object with the wrong keys","location":null,"status":"passed","title":"does not extract images properly when it is an object with the wrong keys"},{"ancestorTitles":["normalizeSEO"],"failureMessages":[],"fullName":"normalizeSEO passes OG title and description through","location":null,"status":"passed","title":"passes OG title and description through"},{"ancestorTitles":["normalizeSEO"],"failureMessages":[],"fullName":"normalizeSEO adds imageUrl to OG props, prepending the baseUrl","location":null,"status":"passed","title":"adds imageUrl to OG props, prepending the baseUrl"},{"ancestorTitles":["normalizeSEO"],"failureMessages":[],"fullName":"normalizeSEO removes image and image_src from the OG object","location":null,"status":"passed","title":"removes image and image_src from the OG object"},{"ancestorTitles":["normalizeSEO"],"failureMessages":[],"fullName":"normalizeSEO passes Twitter title and description through","location":null,"status":"passed","title":"passes Twitter title and description through"},{"ancestorTitles":["normalizeSEO"],"failureMessages":[],"fullName":"normalizeSEO adds imageUrl to Twitter props, prepending the baseUrl","location":null,"status":"passed","title":"adds imageUrl to Twitter props, prepending the baseUrl"},{"ancestorTitles":["normalizeSEO"],"failureMessages":[],"fullName":"normalizeSEO removes image and image_src from the Twitter object","location":null,"status":"passed","title":"removes image and image_src from the Twitter object"}],"endTime":1588243201783,"message":"","name":"/Users/seancdavis/code/gatsby-starter-ample/src/helpers/normalize-seo/test.spec.js","startTime":1588243200654,"status":"passed","summary":""},{"assertionResults":[{"ancestorTitles":["transformData"],"failureMessages":[],"fullName":"transformData removes the baseUrl","location":null,"status":"passed","title":"removes the baseUrl"},{"ancestorTitles":["transformData"],"failureMessages":[],"fullName":"transformData adds a titleTemplate from query data","location":null,"status":"passed","title":"adds a titleTemplate from query data"},{"ancestorTitles":["transformData"],"failureMessages":[],"fullName":"transformData adds a fallback image","location":null,"status":"passed","title":"adds a fallback image"}],"endTime":1588243202567,"message":"","name":"/Users/seancdavis/code/gatsby-starter-ample/src/utilities/seo/test.spec.js","startTime":1588243200689,"status":"passed","summary":""},{"assertionResults":[{"ancestorTitles":["PageTemplate"],"failureMessages":[],"fullName":"PageTemplate renders correctly","location":null,"status":"passed","title":"renders correctly"}],"endTime":1588243202580,"message":"","name":"/Users/seancdavis/code/gatsby-starter-ample/src/templates/page/test.spec.js","startTime":1588243200723,"status":"passed","summary":""},{"assertionResults":[{"ancestorTitles":["Button"],"failureMessages":[],"fullName":"Button renders correctly","location":null,"status":"passed","title":"renders correctly"}],"endTime":1588243202588,"message":"","name":"/Users/seancdavis/code/gatsby-starter-ample/src/components/button/test.spec.js","startTime":1588243200723,"status":"passed","summary":""},{"assertionResults":[{"ancestorTitles":["Container"],"failureMessages":[],"fullName":"Container renders correctly","location":null,"status":"passed","title":"renders correctly"}],"endTime":1588243202599,"message":"","name":"/Users/seancdavis/code/gatsby-starter-ample/src/sections/container/test.spec.js","startTime":1588243200729,"status":"passed","summary":""}],"wasInterrupted":false}