{"numFailedTestSuites":0,"numFailedTests":0,"numPassedTestSuites":4,"numPassedTests":24,"numPendingTestSuites":0,"numPendingTests":0,"numRuntimeErrorTestSuites":0,"numTodoTests":0,"numTotalTestSuites":4,"numTotalTests":24,"openHandles":[],"snapshot":{"added":2,"didUpdate":false,"failure":false,"filesAdded":2,"filesRemoved":0,"filesRemovedList":[],"filesUnmatched":0,"filesUpdated":0,"matched":1,"total":3,"unchecked":0,"uncheckedKeysByFile":[],"unmatched":0,"updated":0},"startTime":1586885071962,"success":true,"testResults":[{"assertionResults":[{"ancestorTitles":["Component"],"failureMessages":[],"fullName":"Component renders correctly","location":null,"status":"passed","title":"renders correctly"}],"endTime":1586885074495,"message":"","name":"/Users/seancdavis/code/gatsby-starter-ample/src/components/seo/test.spec.js","startTime":1586885073797,"status":"passed","summary":""},{"assertionResults":[{"ancestorTitles":["Template"],"failureMessages":[],"fullName":"Template renders correctly","location":null,"status":"passed","title":"renders correctly"}],"endTime":1586885075509,"message":"","name":"/Users/seancdavis/code/gatsby-starter-ample/src/templates/page/test.spec.js","startTime":1586885074524,"status":"passed","summary":""},{"assertionResults":[{"ancestorTitles":["Footer"],"failureMessages":[],"fullName":"Footer renders correctly","location":null,"status":"passed","title":"renders correctly"}],"endTime":1586885075623,"message":"","name":"/Users/seancdavis/code/gatsby-starter-ample/src/layout/footer/test.spec.js","startTime":1586885075522,"status":"passed","summary":""},{"assertionResults":[{"ancestorTitles":["normalizeSEO"],"failureMessages":[],"fullName":"normalizeSEO returns an empty object if nothing is passed to it","location":null,"status":"passed","title":"returns an empty object if nothing is passed to it"},{"ancestorTitles":["normalizeSEO"],"failureMessages":[],"fullName":"normalizeSEO returns an empty object unless there's a baseUrl","location":null,"status":"passed","title":"returns an empty object unless there's a baseUrl"},{"ancestorTitles":["normalizeSEO"],"failureMessages":[],"fullName":"normalizeSEO adds location.href as the url prop, adding the origin to it","location":null,"status":"passed","title":"adds location.href as the url prop, adding the origin to it"},{"ancestorTitles":["normalizeSEO"],"failureMessages":[],"fullName":"normalizeSEO adds title to props","location":null,"status":"passed","title":"adds title to props"},{"ancestorTitles":["normalizeSEO"],"failureMessages":[],"fullName":"normalizeSEO overrides the title","location":null,"status":"passed","title":"overrides the title"},{"ancestorTitles":["normalizeSEO"],"failureMessages":[],"fullName":"normalizeSEO removes empty strings","location":null,"status":"passed","title":"removes empty strings"},{"ancestorTitles":["normalizeSEO"],"failureMessages":[],"fullName":"normalizeSEO adds description to props","location":null,"status":"passed","title":"adds description to props"},{"ancestorTitles":["normalizeSEO"],"failureMessages":[],"fullName":"normalizeSEO overrides the description","location":null,"status":"passed","title":"overrides the description"},{"ancestorTitles":["normalizeSEO"],"failureMessages":[],"fullName":"normalizeSEO removes empty strings","location":null,"status":"passed","title":"removes empty strings"},{"ancestorTitles":["normalizeSEO"],"failureMessages":[],"fullName":"normalizeSEO adds imageUrl to props, prepending the baseUrl","location":null,"status":"passed","title":"adds imageUrl to props, prepending the baseUrl"},{"ancestorTitles":["normalizeSEO"],"failureMessages":[],"fullName":"normalizeSEO removes image and image_src from the object","location":null,"status":"passed","title":"removes image and image_src from the object"},{"ancestorTitles":["normalizeSEO"],"failureMessages":[],"fullName":"normalizeSEO overrides the image, still prepending the baseUrl","location":null,"status":"passed","title":"overrides the image, still prepending the baseUrl"},{"ancestorTitles":["normalizeSEO"],"failureMessages":[],"fullName":"normalizeSEO extracts an image URL from a childImageSharp object","location":null,"status":"passed","title":"extracts an image URL from a childImageSharp object"},{"ancestorTitles":["normalizeSEO"],"failureMessages":[],"fullName":"normalizeSEO does not extract images properly when it is an object with the wrong keys","location":null,"status":"passed","title":"does not extract images properly when it is an object with the wrong keys"},{"ancestorTitles":["normalizeSEO"],"failureMessages":[],"fullName":"normalizeSEO does not extract images properly when it is an object with the wrong keys","location":null,"status":"passed","title":"does not extract images properly when it is an object with the wrong keys"},{"ancestorTitles":["normalizeSEO"],"failureMessages":[],"fullName":"normalizeSEO passes OG title and description through","location":null,"status":"passed","title":"passes OG title and description through"},{"ancestorTitles":["normalizeSEO"],"failureMessages":[],"fullName":"normalizeSEO adds imageUrl to OG props, prepending the baseUrl","location":null,"status":"passed","title":"adds imageUrl to OG props, prepending the baseUrl"},{"ancestorTitles":["normalizeSEO"],"failureMessages":[],"fullName":"normalizeSEO removes image and image_src from the OG object","location":null,"status":"passed","title":"removes image and image_src from the OG object"},{"ancestorTitles":["normalizeSEO"],"failureMessages":[],"fullName":"normalizeSEO passes Twitter title and description through","location":null,"status":"passed","title":"passes Twitter title and description through"},{"ancestorTitles":["normalizeSEO"],"failureMessages":[],"fullName":"normalizeSEO adds imageUrl to Twitter props, prepending the baseUrl","location":null,"status":"passed","title":"adds imageUrl to Twitter props, prepending the baseUrl"},{"ancestorTitles":["normalizeSEO"],"failureMessages":[],"fullName":"normalizeSEO removes image and image_src from the Twitter object","location":null,"status":"passed","title":"removes image and image_src from the Twitter object"}],"endTime":1586885075735,"message":"","name":"/Users/seancdavis/code/gatsby-starter-ample/src/helpers/normalize-seo/test.spec.js","startTime":1586885075629,"status":"passed","summary":""}],"wasInterrupted":false}